#-----------------------------------------------------------
# Vivado v2020.2 (64-bit)
# SW Build 3064766 on Wed Nov 18 09:12:45 MST 2020
# IP Build 3064653 on Wed Nov 18 14:17:31 MST 2020
# Start of session at: Tue Jul  2 15:16:39 2024
# Process ID: 4716
# Current directory: D:/Vivado/Bao cao/TKVMS/TKVMS/TKVMS_Present
# Command line: vivado.exe -gui_launcher_event rodinguilauncherevent11836 D:\Vivado\Bao cao\TKVMS\TKVMS\TKVMS_Present\TKVMS_Present.xpr
# Log file: D:/Vivado/Bao cao/TKVMS/TKVMS/TKVMS_Present/vivado.log
# Journal file: D:/Vivado/Bao cao/TKVMS/TKVMS/TKVMS_Present\vivado.jou
#-----------------------------------------------------------
start_gui
open_project {D:/Vivado/Bao cao/TKVMS/TKVMS/TKVMS_Present/TKVMS_Present.xpr}
INFO: [Project 1-313] Project file moved from 'D:/Vivado/VHDL ver2020.2/TKVMS_Present' since last save.
WARNING: [filemgmt 56-2] Default IP Output Path : Could not find the directory 'D:/Vivado/Bao cao/TKVMS/TKVMS/TKVMS_Present/TKVMS_Present.gen/sources_1', nor could it be found using path 'D:/Vivado/VHDL ver2020.2/TKVMS_Present/TKVMS_Present.gen/sources_1'.
Scanning sources...
Finished scanning sources
INFO: [IP_Flow 19-234] Refreshing IP repositories
INFO: [IP_Flow 19-1704] No user IP repositories specified
INFO: [IP_Flow 19-2313] Loaded Vivado IP repository 'C:/Xilinx/Vivado/2020.2/data/ip'.
open_project: Time (s): cpu = 00:00:10 ; elapsed = 00:00:20 . Memory (MB): peak = 1143.379 ; gain = 0.000
update_compile_order -fileset sources_1
launch_simulation
Command: launch_simulation 
INFO: [Vivado 12-5682] Launching behavioral simulation in 'D:/Vivado/Bao cao/TKVMS/TKVMS/TKVMS_Present/TKVMS_Present.sim/sim_1/behav/xsim'
INFO: [SIM-utils-51] Simulation object is 'sim_1'
INFO: [SIM-utils-54] Inspecting design source files for 'PRESENT_ENCRYPT_TB' in fileset 'sim_1'...
INFO: [USF-XSim-97] Finding global include files...
INFO: [USF-XSim-98] Fetching design files from 'sim_1'...
INFO: [USF-XSim-2] XSim::Compile design
INFO: [USF-XSim-61] Executing 'COMPILE and ANALYZE' step in 'D:/Vivado/Bao cao/TKVMS/TKVMS/TKVMS_Present/TKVMS_Present.sim/sim_1/behav/xsim'
"xvlog --incr --relax -prj PRESENT_ENCRYPT_TB_vlog.prj"
INFO: [VRFC 10-2263] Analyzing Verilog file "D:/Vivado/Bao cao/TKVMS/TKVMS/TKVMS_Present/TKVMS_Present.srcs/sources_1/new/present_encrypt.v" into library xil_defaultlib
INFO: [VRFC 10-311] analyzing module PRESENT_ENCRYPT
INFO: [VRFC 10-2263] Analyzing Verilog file "D:/Vivado/Bao cao/TKVMS/TKVMS/TKVMS_Present/TKVMS_Present.srcs/sources_1/new/present_encrypt_pbox.v" into library xil_defaultlib
INFO: [VRFC 10-311] analyzing module PRESENT_ENCRYPT_PBOX
INFO: [VRFC 10-2263] Analyzing Verilog file "D:/Vivado/Bao cao/TKVMS/TKVMS/TKVMS_Present/TKVMS_Present.srcs/sources_1/new/present_encrypt_sbox.v" into library xil_defaultlib
INFO: [VRFC 10-311] analyzing module PRESENT_ENCRYPT_SBOX
INFO: [VRFC 10-2263] Analyzing Verilog file "D:/Vivado/Bao cao/TKVMS/TKVMS/TKVMS_Present/TKVMS_Present.srcs/sim_1/new/present_encrypt_tb.v" into library xil_defaultlib
INFO: [VRFC 10-311] analyzing module PRESENT_ENCRYPT_TB
INFO: [VRFC 10-2263] Analyzing Verilog file "D:/Vivado/Bao cao/TKVMS/TKVMS/TKVMS_Present/TKVMS_Present.sim/sim_1/behav/xsim/glbl.v" into library xil_defaultlib
INFO: [VRFC 10-311] analyzing module glbl
INFO: [USF-XSim-69] 'compile' step finished in '2' seconds
INFO: [USF-XSim-3] XSim::Elaborate design
INFO: [USF-XSim-61] Executing 'ELABORATE' step in 'D:/Vivado/Bao cao/TKVMS/TKVMS/TKVMS_Present/TKVMS_Present.sim/sim_1/behav/xsim'
"xelab -wto cecaf38fb9ef4cb395a6fe21b1668067 --incr --debug typical --relax --mt 2 -L xil_defaultlib -L unisims_ver -L unimacro_ver -L secureip --snapshot PRESENT_ENCRYPT_TB_behav xil_defaultlib.PRESENT_ENCRYPT_TB xil_defaultlib.glbl -log elaborate.log"
Vivado Simulator 2020.2
Copyright 1986-1999, 2001-2020 Xilinx, Inc. All Rights Reserved.
Running: C:/Xilinx/Vivado/2020.2/bin/unwrapped/win64.o/xelab.exe -wto cecaf38fb9ef4cb395a6fe21b1668067 --incr --debug typical --relax --mt 2 -L xil_defaultlib -L unisims_ver -L unimacro_ver -L secureip --snapshot PRESENT_ENCRYPT_TB_behav xil_defaultlib.PRESENT_ENCRYPT_TB xil_defaultlib.glbl -log elaborate.log 
Using 2 slave threads.
Starting static elaboration
Pass Through NonSizing Optimizer
Completed static elaboration
Starting simulation data flow analysis
WARNING: [XSIM 43-4099] "D:/Vivado/Bao cao/TKVMS/TKVMS/TKVMS_Present/TKVMS_Present.srcs/sources_1/new/present_encrypt.v" Line 4. Module PRESENT_ENCRYPT_default doesn't have a timescale but at least one module in design has a timescale.
WARNING: [XSIM 43-4099] "D:/Vivado/Bao cao/TKVMS/TKVMS/TKVMS_Present/TKVMS_Present.srcs/sources_1/new/present_encrypt.v" Line 4. Module PRESENT_ENCRYPT_default doesn't have a timescale but at least one module in design has a timescale.
Completed simulation data flow analysis
Time Resolution for simulation is 1ps
Compiling module xil_defaultlib.PRESENT_ENCRYPT_SBOX
Compiling module xil_defaultlib.PRESENT_ENCRYPT_PBOX
Compiling module xil_defaultlib.PRESENT_ENCRYPT_default
Compiling module xil_defaultlib.PRESENT_ENCRYPT_TB
Compiling module xil_defaultlib.glbl
Built simulation snapshot PRESENT_ENCRYPT_TB_behav
INFO: [USF-XSim-69] 'elaborate' step finished in '4' seconds
INFO: [USF-XSim-4] XSim::Simulate design
INFO: [USF-XSim-61] Executing 'SIMULATE' step in 'D:/Vivado/Bao cao/TKVMS/TKVMS/TKVMS_Present/TKVMS_Present.sim/sim_1/behav/xsim'
INFO: [USF-XSim-98] *** Running xsim
   with args "PRESENT_ENCRYPT_TB_behav -key {Behavioral:sim_1:Functional:PRESENT_ENCRYPT_TB} -tclbatch {PRESENT_ENCRYPT_TB.tcl} -log {simulate.log}"
INFO: [USF-XSim-8] Loading simulator feature
Vivado Simulator 2020.2
Time resolution is 1 ps
source PRESENT_ENCRYPT_TB.tcl
# set curr_wave [current_wave_config]
# if { [string length $curr_wave] == 0 } {
#   if { [llength [get_objects]] > 0} {
#     add_wave /
#     set_property needs_save false [current_wave_config]
#   } else {
#      send_msg_id Add_Wave-1 WARNING "No top level signals found. Simulator will start without a wave window. If you want to open a wave window go to 'File->New Waveform Configuration' or type 'create_wave_config' in the TCL console."
#   }
# }
# run 1000ns
INFO: [USF-XSim-96] XSim completed. Design snapshot 'PRESENT_ENCRYPT_TB_behav' loaded.
INFO: [USF-XSim-97] XSim simulation ran for 1000ns
launch_simulation: Time (s): cpu = 00:00:04 ; elapsed = 00:00:12 . Memory (MB): peak = 1144.887 ; gain = 1.508
run 10 us
$finish called at time : 6610 ns : File "D:/Vivado/Bao cao/TKVMS/TKVMS/TKVMS_Present/TKVMS_Present.srcs/sim_1/new/present_encrypt_tb.v" Line 237
set_property top PRESENT_DECRYPT_TB [get_filesets sim_1]
set_property top_lib xil_defaultlib [get_filesets sim_1]
update_compile_order -fileset sim_1
close_sim
INFO: [Simtcl 6-16] Simulation closed
launch_simulation
Command: launch_simulation 
INFO: [Vivado 12-5682] Launching behavioral simulation in 'D:/Vivado/Bao cao/TKVMS/TKVMS/TKVMS_Present/TKVMS_Present.sim/sim_1/behav/xsim'
INFO: [SIM-utils-51] Simulation object is 'sim_1'
INFO: [SIM-utils-54] Inspecting design source files for 'PRESENT_DECRYPT_TB' in fileset 'sim_1'...
INFO: [USF-XSim-97] Finding global include files...
INFO: [USF-XSim-98] Fetching design files from 'sim_1'...
INFO: [USF-XSim-2] XSim::Compile design
INFO: [USF-XSim-61] Executing 'COMPILE and ANALYZE' step in 'D:/Vivado/Bao cao/TKVMS/TKVMS/TKVMS_Present/TKVMS_Present.sim/sim_1/behav/xsim'
"xvlog --incr --relax -prj PRESENT_DECRYPT_TB_vlog.prj"
INFO: [VRFC 10-2263] Analyzing Verilog file "D:/Vivado/Bao cao/TKVMS/TKVMS/TKVMS_Present/TKVMS_Present.srcs/sources_1/new/present_decrypt.v" into library xil_defaultlib
INFO: [VRFC 10-311] analyzing module PRESENT_DECRYPT
INFO: [VRFC 10-2263] Analyzing Verilog file "D:/Vivado/Bao cao/TKVMS/TKVMS/TKVMS_Present/TKVMS_Present.srcs/sim_1/new/present_decrypt_tb.v" into library xil_defaultlib
INFO: [VRFC 10-311] analyzing module PRESENT_DECRYPT_TB
INFO: [USF-XSim-69] 'compile' step finished in '1' seconds
INFO: [USF-XSim-3] XSim::Elaborate design
INFO: [USF-XSim-61] Executing 'ELABORATE' step in 'D:/Vivado/Bao cao/TKVMS/TKVMS/TKVMS_Present/TKVMS_Present.sim/sim_1/behav/xsim'
"xelab -wto cecaf38fb9ef4cb395a6fe21b1668067 --incr --debug typical --relax --mt 2 -L xil_defaultlib -L unisims_ver -L unimacro_ver -L secureip --snapshot PRESENT_DECRYPT_TB_behav xil_defaultlib.PRESENT_DECRYPT_TB xil_defaultlib.glbl -log elaborate.log"
Vivado Simulator 2020.2
Copyright 1986-1999, 2001-2020 Xilinx, Inc. All Rights Reserved.
Running: C:/Xilinx/Vivado/2020.2/bin/unwrapped/win64.o/xelab.exe -wto cecaf38fb9ef4cb395a6fe21b1668067 --incr --debug typical --relax --mt 2 -L xil_defaultlib -L unisims_ver -L unimacro_ver -L secureip --snapshot PRESENT_DECRYPT_TB_behav xil_defaultlib.PRESENT_DECRYPT_TB xil_defaultlib.glbl -log elaborate.log 
Using 2 slave threads.
Starting static elaboration
Pass Through NonSizing Optimizer
Completed static elaboration
Starting simulation data flow analysis
WARNING: [XSIM 43-4099] "D:/Vivado/Bao cao/TKVMS/TKVMS/TKVMS_Present/TKVMS_Present.srcs/sources_1/new/present_decrypt.v" Line 4. Module PRESENT_DECRYPT_default doesn't have a timescale but at least one module in design has a timescale.
WARNING: [XSIM 43-4099] "D:/Vivado/Bao cao/TKVMS/TKVMS/TKVMS_Present/TKVMS_Present.srcs/sources_1/new/present_decrypt.v" Line 4. Module PRESENT_DECRYPT_default doesn't have a timescale but at least one module in design has a timescale.
Completed simulation data flow analysis
Time Resolution for simulation is 1ps
Compiling module xil_defaultlib.PRESENT_ENCRYPT_SBOX
Compiling module xil_defaultlib.PRESENT_ENCRYPT_PBOX
Compiling module xil_defaultlib.PRESENT_DECRYPT_default
Compiling module xil_defaultlib.PRESENT_DECRYPT_TB
Compiling module xil_defaultlib.glbl
Built simulation snapshot PRESENT_DECRYPT_TB_behav
INFO: [USF-XSim-69] 'elaborate' step finished in '4' seconds
INFO: [USF-XSim-4] XSim::Simulate design
INFO: [USF-XSim-61] Executing 'SIMULATE' step in 'D:/Vivado/Bao cao/TKVMS/TKVMS/TKVMS_Present/TKVMS_Present.sim/sim_1/behav/xsim'
INFO: [USF-XSim-98] *** Running xsim
   with args "PRESENT_DECRYPT_TB_behav -key {Behavioral:sim_1:Functional:PRESENT_DECRYPT_TB} -tclbatch {PRESENT_DECRYPT_TB.tcl} -log {simulate.log}"
INFO: [USF-XSim-8] Loading simulator feature
Vivado Simulator 2020.2
Time resolution is 1 ps
source PRESENT_DECRYPT_TB.tcl
# set curr_wave [current_wave_config]
# if { [string length $curr_wave] == 0 } {
#   if { [llength [get_objects]] > 0} {
#     add_wave /
#     set_property needs_save false [current_wave_config]
#   } else {
#      send_msg_id Add_Wave-1 WARNING "No top level signals found. Simulator will start without a wave window. If you want to open a wave window go to 'File->New Waveform Configuration' or type 'create_wave_config' in the TCL console."
#   }
# }
# run 1000ns
INFO: [USF-XSim-96] XSim completed. Design snapshot 'PRESENT_DECRYPT_TB_behav' loaded.
INFO: [USF-XSim-97] XSim simulation ran for 1000ns
launch_simulation: Time (s): cpu = 00:00:03 ; elapsed = 00:00:09 . Memory (MB): peak = 1170.336 ; gain = 6.281
run 10 us
$finish called at time : 6190 ns : File "D:/Vivado/Bao cao/TKVMS/TKVMS/TKVMS_Present/TKVMS_Present.srcs/sim_1/new/present_decrypt_tb.v" Line 132
