#-----------------------------------------------------------
# Vivado v2020.2 (64-bit)
# SW Build 3064766 on Wed Nov 18 09:12:45 MST 2020
# IP Build 3064653 on Wed Nov 18 14:17:31 MST 2020
# Start of session at: Tue Jul  2 12:33:00 2024
# Process ID: 16648
# Current directory: D:/Vivado/Bao cao/TKVMS/prng
# Command line: vivado.exe -gui_launcher_event rodinguilauncherevent3688 D:\Vivado\Bao cao\TKVMS\prng\prng.xpr
# Log file: D:/Vivado/Bao cao/TKVMS/prng/vivado.log
# Journal file: D:/Vivado/Bao cao/TKVMS/prng\vivado.jou
#-----------------------------------------------------------
start_gui
open_project {D:/Vivado/Bao cao/TKVMS/prng/prng.xpr}
WARNING: [filemgmt 56-3] Default IP Output Path : Could not find the directory 'D:/Vivado/Bao cao/TKVMS/prng/prng.gen/sources_1'.
Scanning sources...
Finished scanning sources
INFO: [IP_Flow 19-234] Refreshing IP repositories
INFO: [IP_Flow 19-1704] No user IP repositories specified
INFO: [IP_Flow 19-2313] Loaded Vivado IP repository 'C:/Xilinx/Vivado/2020.2/data/ip'.
open_project: Time (s): cpu = 00:00:11 ; elapsed = 00:00:22 . Memory (MB): peak = 1136.730 ; gain = 0.000
update_compile_order -fileset sources_1
exit
INFO: [Common 17-206] Exiting Vivado at Tue Jul  2 12:53:45 2024...
