Vivado Simulator 2020.2
Copyright 1986-1999, 2001-2020 Xilinx, Inc. All Rights Reserved.
Running: C:/Xilinx/Vivado/2020.2/bin/unwrapped/win64.o/xelab.exe -wto e668204f1fa446158ffed4a3ceb00191 --incr --debug typical --relax --mt 2 -L xil_defaultlib -L unisims_ver -L unimacro_ver -L secureip --snapshot tb_aes_behav xil_defaultlib.tb_aes xil_defaultlib.glbl -log elaborate.log 
Using 2 slave threads.
Starting static elaboration
Pass Through NonSizing Optimizer
Completed static elaboration
Starting simulation data flow analysis
WARNING: [XSIM 43-4100] "D:/Vivado/Bao cao/TKVMS/AES/AES_2020/AES_2020.sim/sim_1/behav/xsim/glbl.v" Line 6. Module glbl has a timescale but at least one module in design doesn't have timescale.
WARNING: [XSIM 43-4100] "D:/Vivado/Bao cao/TKVMS/AES/AES_2020/AES_2020.sim/sim_1/behav/xsim/glbl.v" Line 6. Module glbl has a timescale but at least one module in design doesn't have timescale.
Completed simulation data flow analysis
Time Resolution for simulation is 1ps
Compiling module xil_defaultlib.aes_encipher_block
Compiling module xil_defaultlib.aes_inv_sbox
Compiling module xil_defaultlib.aes_decipher_block
Compiling module xil_defaultlib.aes_key_mem
Compiling module xil_defaultlib.aes_sbox
Compiling module xil_defaultlib.aes_core
Compiling module xil_defaultlib.aes
Compiling module xil_defaultlib.tb_aes
Compiling module xil_defaultlib.glbl
Built simulation snapshot tb_aes_behav
