Vivado Simulator 2020.2
Copyright 1986-1999, 2001-2020 Xilinx, Inc. All Rights Reserved.
Running: C:/Xilinx/Vivado/2020.2/bin/unwrapped/win64.o/xelab.exe -wto e668204f1fa446158ffed4a3ceb00191 --incr --debug typical --relax --mt 2 --maxdelay -L xil_defaultlib -L simprims_ver -L secureip --snapshot tb_aes_time_synth -transport_int_delays -pulse_r 0 -pulse_int_r 0 -pulse_e 0 -pulse_int_e 0 xil_defaultlib.tb_aes xil_defaultlib.glbl -log elaborate.log 
Using 2 slave threads.
Starting static elaboration
Pass Through NonSizing Optimizer
Completed static elaboration
Starting simulation data flow analysis
Completed simulation data flow analysis
INFO: [XSIM 43-3451] SDF backannotation process started with SDF file "tb_aes_time_synth.sdf", for root module "tb_aes/dut".
INFO: [XSIM 43-3452] SDF backannotation was successful for SDF file "tb_aes_time_synth.sdf", for root module "tb_aes/dut".
Time Resolution for simulation is 1ps
Compiling module simprims_ver.IBUF
Compiling module simprims_ver.LUT6
Compiling module simprims_ver.LUT5
Compiling module simprims_ver.FDCE_default
Compiling module simprims_ver.BUFG
Compiling module simprims_ver.x_lut3_mux8
Compiling module simprims_ver.LUT3
Compiling module simprims_ver.LUT4
Compiling module simprims_ver.x_lut2_mux4
Compiling module simprims_ver.LUT2
Compiling module xil_defaultlib.aes_inv_sbox
Compiling module simprims_ver.FDPE_default
Compiling module xil_defaultlib.aes_decipher_block
Compiling module xil_defaultlib.aes_encipher_block
Compiling module simprims_ver.x_lut1_mux2
Compiling module simprims_ver.LUT1(INIT=2'b01)
Compiling module xil_defaultlib.aes_key_mem
Compiling module xil_defaultlib.aes_sbox
Compiling module xil_defaultlib.aes_core
Compiling module simprims_ver.OBUF
Compiling module xil_defaultlib.aes
Compiling module xil_defaultlib.tb_aes
Compiling module xil_defaultlib.glbl
Built simulation snapshot tb_aes_time_synth
